<?xml version="1.0" encoding="UTF-8"?>
<testsuite name="com.mike.day1.application.AdventApplicationTest" tests="1" skipped="0" failures="0" errors="0" timestamp="2022-12-01T12:23:41" hostname="TN4L5WKY63" time="0.062">
  <properties/>
  <testcase name="shouldPassATest()" classname="com.mike.day1.application.AdventApplicationTest" time="0.062"/>
  <system-out><![CDATA[]]></system-out>
  <system-err><![CDATA[]]></system-err>
</testsuite>
